PARAMETERS:
cascadeDirName: ./train
vecFileName: cat.vec
bgFileName: negative.dat
numPos: 2100
numNeg: 4215
numStages: 20
precalcValBufSize[Mb] : 256
precalcIdxBufSize[Mb] : 256
stageType: BOOST
featureType: LBP
sampleWidth: 24
sampleHeight: 24
boostType: GAB
minHitRate: 0.995
maxFalseAlarmRate: 0.4
weightTrimRate: 0.95
maxDepth: 1
maxWeakCount: 100

===== TRAINING 0-stage =====
<BEGIN
POS count : consumed   2100 : 2100
NEG count : acceptanceRatio    4215 : 1
Precalculation time: 7
+----+---------+---------+
|  N |    HR   |    FA   |
+----+---------+---------+
|   1|        1|        1|
+----+---------+---------+
|   2|        1|        1|
+----+---------+---------+
|   3|        1|        1|
+----+---------+---------+
|   4| 0.995714| 0.802847|
+----+---------+---------+
|   5| 0.995238| 0.826097|
+----+---------+---------+
|   6|  0.99619| 0.815184|
+----+---------+---------+
|   7| 0.995714| 0.728588|
+----+---------+---------+
|   8| 0.995238|  0.63013|
+----+---------+---------+
|   9| 0.995238| 0.641281|
+----+---------+---------+
|  10| 0.995714|  0.54306|
+----+---------+---------+
|  11| 0.995238| 0.478766|
+----+---------+---------+
|  12| 0.995238| 0.390985|
+----+---------+---------+
END>

===== TRAINING 1-stage =====
<BEGIN
POS count : consumed   2100 : 2110
NEG count : acceptanceRatio    4215 : 0.449984
Precalculation time: 7
+----+---------+---------+
|  N |    HR   |    FA   |
+----+---------+---------+
|   1|        1|        1|
+----+---------+---------+
|   2|        1|        1|
+----+---------+---------+
|   3|        1|        1|
+----+---------+---------+
|   4| 0.996667| 0.800949|
+----+---------+---------+
|   5| 0.996667| 0.800949|
+----+---------+---------+
|   6| 0.995714| 0.735231|
+----+---------+---------+
|   7| 0.995238| 0.665006|
+----+---------+---------+
|   8|  0.99619| 0.607829|
+----+---------+---------+
|   9| 0.995238|  0.50866|
+----+---------+---------+
|  10| 0.995238| 0.433215|
+----+---------+---------+
|  11| 0.995238| 0.413998|
+----+---------+---------+
|  12| 0.995238| 0.373903|
+----+---------+---------+
END>

===== TRAINING 2-stage =====
<BEGIN
POS count : consumed   2100 : 2122
NEG count : acceptanceRatio    4215 : 0.214569
Precalculation time: 7
+----+---------+---------+
|  N |    HR   |    FA   |
+----+---------+---------+
|   1|        1|        1|
+----+---------+---------+
|   2|        1|        1|
+----+---------+---------+
|   3|        1|        1|
+----+---------+---------+
|   4|        1|        1|
+----+---------+---------+
|   5| 0.995714| 0.857177|
+----+---------+---------+
|   6| 0.998095| 0.826572|
+----+---------+---------+
|   7| 0.997619| 0.772242|
+----+---------+---------+
|   8| 0.995238| 0.747094|
+----+---------+---------+
|   9| 0.997619| 0.692289|
+----+---------+---------+
|  10|  0.99619| 0.557533|
+----+---------+---------+
|  11| 0.995714| 0.583393|
+----+---------+---------+
|  12| 0.995238| 0.532147|
+----+---------+---------+
|  13| 0.995238| 0.422301|
+----+---------+---------+
|  14| 0.995238| 0.429893|
+----+---------+---------+
|  15| 0.995238| 0.419929|
+----+---------+---------+
|  16| 0.995238| 0.325504|
+----+---------+---------+
END>

===== TRAINING 3-stage =====
<BEGIN
POS count : consumed   2100 : 2134
NEG count : acceptanceRatio    4215 : 0.101442
Precalculation time: 6
+----+---------+---------+
|  N |    HR   |    FA   |
+----+---------+---------+
|   1|        1|        1|
+----+---------+---------+
|   2|        1|        1|
+----+---------+---------+
|   3|        1|        1|
+----+---------+---------+
|   4|        1|        1|
+----+---------+---------+
|   5| 0.995238| 0.884223|
+----+---------+---------+
|   6| 0.995714| 0.882325|
+----+---------+---------+
|   7|  0.99619| 0.920047|
+----+---------+---------+
|   8| 0.995714| 0.851483|
+----+---------+---------+
|   9| 0.995238| 0.724318|
+----+---------+---------+
|  10| 0.995714| 0.763227|
+----+---------+---------+
|  11|  0.99619| 0.652432|
+----+---------+---------+
|  12| 0.995238| 0.664294|
+----+---------+---------+
|  13| 0.995238| 0.592883|
+----+---------+---------+
|  14| 0.995238| 0.483986|
+----+---------+---------+
|  15| 0.995238| 0.492289|
+----+---------+---------+
|  16| 0.995238|  0.46809|
+----+---------+---------+
|  17| 0.995238| 0.468327|
+----+---------+---------+
|  18| 0.995238| 0.419217|
+----+---------+---------+
|  19| 0.995238|  0.36465|
+----+---------+---------+
END>

===== TRAINING 4-stage =====
<BEGIN
POS count : consumed   2100 : 2145
NEG count : acceptanceRatio    4215 : 0.0524091
Precalculation time: 6
+----+---------+---------+
|  N |    HR   |    FA   |
+----+---------+---------+
|   1|        1|        1|
+----+---------+---------+
|   2|        1|        1|
+----+---------+---------+
|   3|        1|        1|
+----+---------+---------+
|   4|        1|        1|
+----+---------+---------+
|   5| 0.998095| 0.933571|
+----+---------+---------+
|   6| 0.995238| 0.859075|
+----+---------+---------+
|   7|  0.99619| 0.836299|
+----+---------+---------+
|   8| 0.995238| 0.751364|
+----+---------+---------+
|   9| 0.995238|  0.74828|
+----+---------+---------+
|  10| 0.995238| 0.683037|
+----+---------+---------+
|  11| 0.995238| 0.660735|
+----+---------+---------+
|  12| 0.995238| 0.619454|
+----+---------+---------+
|  13| 0.995238| 0.565125|
+----+---------+---------+
|  14| 0.995238| 0.546856|
+----+---------+---------+
|  15| 0.995238|  0.57841|
+----+---------+---------+
|  16| 0.995238| 0.502017|
+----+---------+---------+
|  17| 0.995238| 0.465006|
+----+---------+---------+
|  18| 0.995238| 0.457177|
+----+---------+---------+
|  19| 0.995238| 0.418031|
+----+---------+---------+
|  20| 0.995238| 0.406643|
+----+---------+---------+
|  21| 0.995238|  0.37153|
+----+---------+---------+
END>

===== TRAINING 5-stage =====
<BEGIN
POS count : consumed   2100 : 2161
NEG count : acceptanceRatio    4215 : 0.0293763
Precalculation time: 7
+----+---------+---------+
|  N |    HR   |    FA   |
+----+---------+---------+
|   1|        1|        1|
+----+---------+---------+
|   2|        1|        1|
+----+---------+---------+
|   3|        1|        1|
+----+---------+---------+
|   4|        1|        1|
+----+---------+---------+
|   5| 0.999048| 0.954686|
+----+---------+---------+
|   6| 0.996667| 0.882325|
+----+---------+---------+
|   7| 0.995714| 0.845077|
+----+---------+---------+
|   8| 0.995238| 0.831791|
+----+---------+---------+
|   9| 0.995238| 0.769632|
+----+---------+---------+
|  10| 0.995238|  0.76465|
+----+---------+---------+
|  11| 0.995238| 0.683037|
+----+---------+---------+
|  12| 0.995238| 0.639146|
+----+---------+---------+
|  13| 0.995238| 0.660261|
+----+---------+---------+
|  14| 0.995238| 0.610676|
+----+---------+---------+
|  15| 0.995238| 0.570107|
+----+---------+---------+
|  16| 0.995238| 0.587426|
+----+---------+---------+
|  17| 0.995238| 0.538316|
+----+---------+---------+
|  18| 0.995238| 0.472361|
+----+---------+---------+
|  19| 0.995238| 0.498221|
+----+---------+---------+
|  20| 0.995238| 0.424674|
+----+---------+---------+
|  21| 0.995238| 0.441044|
+----+---------+---------+
|  22| 0.995238| 0.400237|
+----+---------+---------+
|  23| 0.995238| 0.341874|
+----+---------+---------+
END>

===== TRAINING 6-stage =====
<BEGIN
POS count : consumed   2100 : 2178
NEG count : acceptanceRatio    4215 : 0.0123694
Precalculation time: 6
+----+---------+---------+
|  N |    HR   |    FA   |
+----+---------+---------+
|   1|        1|        1|
+----+---------+---------+
|   2|        1|        1|
+----+---------+---------+
|   3|        1|        1|
+----+---------+---------+
|   4|        1|        1|
+----+---------+---------+
|   5| 0.999524| 0.919573|
+----+---------+---------+
|   6| 0.999524| 0.897509|
+----+---------+---------+
|   7| 0.995238| 0.834401|
+----+---------+---------+
|   8| 0.995238| 0.783393|
+----+---------+---------+
|   9| 0.995238| 0.807592|
+----+---------+---------+
|  10| 0.995714| 0.711032|
+----+---------+---------+
|  11| 0.995238| 0.699881|
+----+---------+---------+
|  12| 0.995238| 0.673547|
+----+---------+---------+
|  13| 0.995238| 0.671412|
+----+---------+---------+
|  14| 0.995238| 0.632977|
+----+---------+---------+
|  15| 0.995238| 0.529537|
+----+---------+---------+
|  16| 0.995238| 0.565836|
+----+---------+---------+
|  17| 0.995238| 0.517912|
+----+---------+---------+
|  18| 0.995238|  0.44911|
+----+---------+---------+
|  19| 0.995238| 0.450771|
+----+---------+---------+
|  20| 0.995238| 0.430842|
+----+---------+---------+
|  21| 0.995238| 0.401423|
+----+---------+---------+
|  22| 0.995238| 0.362989|
+----+---------+---------+
END>

===== TRAINING 7-stage =====
<BEGIN
POS count : consumed   2100 : 2195
NEG count : acceptanceRatio    4215 : 0.0059105
Precalculation time: 7
+----+---------+---------+
|  N |    HR   |    FA   |
+----+---------+---------+
|   1|        1|        1|
+----+---------+---------+
|   2|        1|        1|
+----+---------+---------+
|   3|        1|        1|
+----+---------+---------+
|   4|        1|        1|
+----+---------+---------+
|   5| 0.995238| 0.924081|
+----+---------+---------+
|   6| 0.995238|  0.92242|
+----+---------+---------+
|   7|  0.99619| 0.877343|
+----+---------+---------+
|   8| 0.995714| 0.872598|
+----+---------+---------+
|   9| 0.995238| 0.857414|
+----+---------+---------+
|  10| 0.995238| 0.834164|
+----+---------+---------+
|  11| 0.995238| 0.815184|
+----+---------+---------+
|  12| 0.995238|      0.8|
+----+---------+---------+
|  13| 0.995238| 0.693001|
+----+---------+---------+
|  14| 0.995238| 0.648873|
+----+---------+---------+
|  15| 0.995238| 0.665243|
+----+---------+---------+
|  16| 0.995238| 0.613523|
+----+---------+---------+
|  17| 0.995238| 0.580071|
+----+---------+---------+
|  18| 0.995238| 0.518624|
+----+---------+---------+
|  19| 0.995238| 0.555872|
+----+---------+---------+
|  20| 0.995238|  0.47497|
+----+---------+---------+
|  21| 0.995238| 0.463582|
+----+---------+---------+
|  22| 0.995238| 0.424199|
+----+---------+---------+
|  23| 0.995238| 0.385765|
+----+---------+---------+
END>

===== TRAINING 8-stage =====
<BEGIN
POS count : consumed   2100 : 2217
NEG count : acceptanceRatio    4215 : 0.00333117
Precalculation time: 7
+----+---------+---------+
|  N |    HR   |    FA   |
+----+---------+---------+
|   1|        1|        1|
+----+---------+---------+
|   2|        1|        1|
+----+---------+---------+
|   3|        1|        1|
+----+---------+---------+
|   4|        1|        1|
+----+---------+---------+
|   5| 0.995238|   0.9293|
+----+---------+---------+
|   6| 0.995714| 0.902017|
+----+---------+---------+
|   7| 0.995714| 0.903203|
+----+---------+---------+
|   8| 0.995238| 0.854567|
+----+---------+---------+
|   9| 0.995238| 0.791934|
+----+---------+---------+
|  10| 0.995238| 0.819929|
+----+---------+---------+
|  11| 0.995238| 0.799763|
+----+---------+---------+
|  12| 0.995238| 0.738553|
+----+---------+---------+
|  13| 0.995238| 0.754923|
+----+---------+---------+
|  14| 0.995238| 0.685646|
+----+---------+---------+
|  15| 0.995238| 0.648636|
+----+---------+---------+
|  16| 0.995238| 0.635587|
+----+---------+---------+
|  17| 0.995238| 0.597628|
+----+---------+---------+
|  18| 0.995238| 0.539265|
+----+---------+---------+
|  19| 0.995238| 0.504626|
+----+---------+---------+
|  20| 0.995238| 0.508897|
+----+---------+---------+
|  21| 0.995238| 0.452669|
+----+---------+---------+
|  22| 0.995238|  0.47497|
+----+---------+---------+
|  23| 0.995238| 0.444603|
+----+---------+---------+
|  24| 0.995238| 0.432503|
+----+---------+---------+
|  25| 0.995238| 0.387426|
+----+---------+---------+
END>

===== TRAINING 9-stage =====
<BEGIN
POS count : consumed   2100 : 2233
NEG count : acceptanceRatio    4215 : 0.00177733
Precalculation time: 7
+----+---------+---------+
|  N |    HR   |    FA   |
+----+---------+---------+
|   1|        1|        1|
+----+---------+---------+
|   2|        1|        1|
+----+---------+---------+
|   3|        1|        1|
+----+---------+---------+
|   4|        1|        1|
+----+---------+---------+
|   5| 0.995714| 0.937841|
+----+---------+---------+
|   6| 0.995714|  0.93452|
+----+---------+---------+
|   7| 0.995714| 0.912218|
+----+---------+---------+
|   8| 0.995238| 0.902728|
+----+---------+---------+
|   9| 0.995238| 0.862396|
+----+---------+---------+
|  10| 0.995238| 0.852669|
+----+---------+---------+
|  11| 0.995238| 0.803796|
+----+---------+---------+
|  12| 0.995238| 0.806168|
+----+---------+---------+
|  13| 0.995238| 0.733333|
+----+---------+---------+
|  14| 0.995238| 0.667616|
+----+---------+---------+
|  15| 0.995238| 0.618031|
+----+---------+---------+
|  16| 0.995238| 0.641044|
+----+---------+---------+
|  17| 0.995238| 0.611151|
+----+---------+---------+
|  18| 0.995238| 0.566311|
+----+---------+---------+
|  19| 0.995238| 0.483986|
+----+---------+---------+
|  20| 0.995238| 0.507711|
+----+---------+---------+
|  21| 0.995238| 0.527639|
+----+---------+---------+
|  22| 0.995238| 0.506524|
+----+---------+---------+
|  23| 0.995238| 0.413998|
+----+---------+---------+
|  24| 0.995238| 0.409964|
+----+---------+---------+
|  25| 0.995238| 0.387426|
+----+---------+---------+
END>

===== TRAINING 10-stage =====
<BEGIN
POS count : consumed   2100 : 2256
NEG count : acceptanceRatio    4215 : 0.000908567
Precalculation time: 6
+----+---------+---------+
|  N |    HR   |    FA   |
+----+---------+---------+
|   1|        1|        1|
+----+---------+---------+
|   2|        1|        1|
+----+---------+---------+
|   3|        1|        1|
+----+---------+---------+
|   4|        1|        1|
+----+---------+---------+
|   5|        1|        1|
+----+---------+---------+
|   6| 0.995714| 0.950652|
+----+---------+---------+
|   7| 0.996667| 0.905813|
+----+---------+---------+
|   8| 0.995238| 0.912218|
+----+---------+---------+
|   9| 0.995238| 0.834875|
+----+---------+---------+
|  10| 0.995238|  0.86121|
+----+---------+---------+
|  11| 0.995238| 0.827758|
+----+---------+---------+
|  12| 0.995238| 0.785765|
+----+---------+---------+
|  13| 0.995238| 0.792883|
+----+---------+---------+
|  14| 0.995238| 0.760617|
+----+---------+---------+
|  15| 0.995238| 0.705575|
+----+---------+---------+
|  16| 0.995238| 0.668565|
+----+---------+---------+
|  17| 0.995238| 0.654567|
+----+---------+---------+
|  18| 0.995238| 0.603321|
+----+---------+---------+
|  19| 0.995238| 0.619692|
+----+---------+---------+
|  20| 0.995238| 0.573665|
+----+---------+---------+
|  21| 0.995238| 0.512456|
+----+---------+---------+
|  22| 0.995238| 0.527165|
+----+---------+---------+
|  23| 0.995238| 0.467616|
+----+---------+---------+
|  24| 0.995238|  0.47758|
+----+---------+---------+
|  25| 0.995238| 0.392883|
+----+---------+---------+
END>

===== TRAINING 11-stage =====
<BEGIN
POS count : consumed   2100 : 2285
NEG count : acceptanceRatio    4215 : 0.000529883
Precalculation time: 7
+----+---------+---------+
|  N |    HR   |    FA   |
+----+---------+---------+
|   1|        1|        1|
+----+---------+---------+
|   2|        1|        1|
+----+---------+---------+
|   3|        1|        1|
+----+---------+---------+
|   4|        1|        1|
+----+---------+---------+
|   5| 0.997619| 0.943298|
+----+---------+---------+
|   6| 0.995238| 0.911744|
+----+---------+---------+
|   7| 0.995714| 0.903677|
+----+---------+---------+
|   8| 0.995714| 0.868802|
+----+---------+---------+
|   9| 0.995238| 0.839858|
+----+---------+---------+
|  10| 0.995238| 0.801186|
+----+---------+---------+
|  11| 0.995714| 0.775563|
+----+---------+---------+
|  12| 0.995238| 0.734045|
+----+---------+---------+
|  13| 0.995714| 0.728114|
+----+---------+---------+
|  14| 0.995238| 0.685409|
+----+---------+---------+
|  15| 0.995238| 0.660735|
+----+---------+---------+
|  16| 0.995238|  0.63013|
+----+---------+---------+
|  17| 0.995238| 0.623488|
+----+---------+---------+
|  18| 0.995238| 0.576512|
+----+---------+---------+
|  19| 0.995238|  0.57675|
+----+---------+---------+
|  20| 0.995238| 0.546856|
+----+---------+---------+
|  21| 0.995238| 0.543772|
+----+---------+---------+
|  22| 0.995238| 0.529775|
+----+---------+---------+
|  23| 0.995238| 0.450297|
+----+---------+---------+
|  24| 0.995238| 0.440807|
+----+---------+---------+
|  25| 0.995238| 0.417082|
+----+---------+---------+
|  26| 0.995238| 0.358956|
+----+---------+---------+
END>

===== TRAINING 12-stage =====
<BEGIN
POS count : consumed   2100 : 2315
NEG count : acceptanceRatio    4215 : 0.000285368
Precalculation time: 6
+----+---------+---------+
|  N |    HR   |    FA   |
+----+---------+---------+
|   1|        1|        1|
+----+---------+---------+
|   2|        1|        1|
+----+---------+---------+
|   3|        1|        1|
+----+---------+---------+
|   4| 0.998095| 0.950415|
+----+---------+---------+
|   5|  0.99619| 0.933333|
+----+---------+---------+
|   6| 0.995238| 0.905813|
+----+---------+---------+
|   7|  0.99619| 0.870225|
+----+---------+---------+
|   8| 0.995714| 0.857414|
+----+---------+---------+
|   9| 0.995714| 0.863108|
+----+---------+---------+
|  10| 0.995714| 0.813523|
+----+---------+---------+
|  11| 0.995238| 0.780546|
+----+---------+---------+
|  12| 0.995238| 0.745196|
+----+---------+---------+
|  13| 0.995238| 0.720522|
+----+---------+---------+
|  14| 0.995238| 0.666192|
+----+---------+---------+
|  15| 0.995238| 0.618268|
+----+---------+---------+
|  16| 0.995238| 0.610202|
+----+---------+---------+
|  17| 0.995238| 0.584816|
+----+---------+---------+
|  18| 0.995238| 0.536892|
+----+---------+---------+
|  19| 0.995238| 0.597628|
+----+---------+---------+
|  20| 0.995238| 0.541637|
+----+---------+---------+
|  21| 0.995238| 0.487782|
+----+---------+---------+
|  22| 0.995238| 0.446975|
+----+---------+---------+
|  23| 0.995238| 0.429419|
+----+---------+---------+
|  24| 0.995238| 0.431079|
+----+---------+---------+
|  25| 0.995238| 0.382206|
+----+---------+---------+
END>

===== TRAINING 13-stage =====
<BEGIN
POS count : consumed   2100 : 2353
NEG count : acceptanceRatio    4215 : 0.000155498
Precalculation time: 6
+----+---------+---------+
|  N |    HR   |    FA   |
+----+---------+---------+
|   1|        1|        1|
+----+---------+---------+
|   2|        1|        1|
+----+---------+---------+
|   3|        1|        1|
+----+---------+---------+
|   4|        1|        1|
+----+---------+---------+
|   5| 0.998095| 0.962752|
+----+---------+---------+
|   6| 0.995714| 0.918387|
+----+---------+---------+
|   7| 0.995714| 0.933333|
+----+---------+---------+
|   8| 0.995714|   0.8828|
+----+---------+---------+
|   9| 0.995238| 0.865006|
+----+---------+---------+
|  10| 0.995238|  0.82159|
+----+---------+---------+
|  11| 0.995238| 0.818505|
+----+---------+---------+
|  12| 0.995238| 0.790036|
+----+---------+---------+
|  13| 0.995238| 0.760142|
+----+---------+---------+
|  14| 0.995238| 0.746382|
+----+---------+---------+
|  15| 0.995238|  0.69917|
+----+---------+---------+
|  16| 0.995238| 0.664294|
+----+---------+---------+
|  17| 0.995238| 0.630368|
+----+---------+---------+
|  18| 0.995238| 0.609253|
+----+---------+---------+
|  19| 0.995238| 0.564887|
+----+---------+---------+
|  20| 0.995238| 0.574377|
+----+---------+---------+
|  21| 0.995238| 0.525979|
+----+---------+---------+
|  22| 0.995238| 0.524792|
+----+---------+---------+
|  23| 0.995238| 0.464057|
+----+---------+---------+
|  24| 0.995238| 0.439383|
+----+---------+---------+
|  25| 0.995238| 0.385053|
+----+---------+---------+
END>

===== TRAINING 14-stage =====
<BEGIN
POS count : consumed   2100 : 2386
NEG count : acceptanceRatio    4215 : 8.52647e-05
Precalculation time: 7
+----+---------+---------+
|  N |    HR   |    FA   |
+----+---------+---------+
|   1|        1|        1|
+----+---------+---------+
|   2|        1|        1|
+----+---------+---------+
|   3|        1|        1|
+----+---------+---------+
|   4|        1|        1|
+----+---------+---------+
|   5| 0.997143|  0.96204|
+----+---------+---------+
|   6| 0.995238| 0.946145|
+----+---------+---------+
|   7| 0.995238| 0.901305|
+----+---------+---------+
|   8| 0.995238| 0.862396|
+----+---------+---------+
|   9| 0.995238| 0.865243|
+----+---------+---------+
|  10| 0.995238| 0.830842|
+----+---------+---------+
|  11| 0.995238|  0.83796|
+----+---------+---------+
|  12| 0.995238| 0.806168|
+----+---------+---------+
|  13| 0.995238| 0.797153|
+----+---------+---------+
|  14| 0.995238| 0.742112|
+----+---------+---------+
|  15| 0.995238| 0.698221|
+----+---------+---------+
|  16| 0.995238| 0.653855|
+----+---------+---------+
|  17| 0.995238|   0.6707|
+----+---------+---------+
|  18| 0.995238| 0.654804|
+----+---------+---------+
|  19| 0.995238| 0.595492|
+----+---------+---------+
|  20| 0.995238| 0.567497|
+----+---------+---------+
|  21| 0.995238| 0.577936|
+----+---------+---------+
|  22| 0.995238| 0.520996|
+----+---------+---------+
|  23| 0.995238|  0.52669|
+----+---------+---------+
|  24| 0.995238|  0.48968|
+----+---------+---------+
|  25| 0.995238| 0.426335|
+----+---------+---------+
|  26| 0.995238|  0.39739|
+----+---------+---------+
END>

===== TRAINING 15-stage =====
<BEGIN
POS count : consumed   2100 : 2428
NEG count : acceptanceRatio    4215 : 5.09006e-05
Precalculation time: 7
+----+---------+---------+
|  N |    HR   |    FA   |
+----+---------+---------+
|   1|        1|        1|
+----+---------+---------+
|   2|        1|        1|
+----+---------+---------+
|   3|        1|        1|
+----+---------+---------+
|   4|        1|        1|
+----+---------+---------+
|   5|        1|        1|
+----+---------+---------+
|   6| 0.997143|  0.95777|
+----+---------+---------+
|   7| 0.995714| 0.956584|
+----+---------+---------+
|   8| 0.995238| 0.912455|
+----+---------+---------+
|   9| 0.995714| 0.906999|
+----+---------+---------+
|  10| 0.995238| 0.886358|
+----+---------+---------+
|  11| 0.995238| 0.845314|
+----+---------+---------+
|  12| 0.995238| 0.848399|
+----+---------+---------+
|  13| 0.995238| 0.768921|
+----+---------+---------+
|  14| 0.995238|  0.77153|
+----+---------+---------+
|  15| 0.995238| 0.726453|
+----+---------+---------+
|  16| 0.995238| 0.735706|
+----+---------+---------+
|  17| 0.995238| 0.711507|
+----+---------+---------+
|  18| 0.995238|  0.65599|
+----+---------+---------+
|  19| 0.995238|  0.60427|
+----+---------+---------+
|  20| 0.995238| 0.581969|
+----+---------+---------+
|  21| 0.995238| 0.539027|
+----+---------+---------+
|  22| 0.995238| 0.505575|
+----+---------+---------+
|  23| 0.995238| 0.491815|
+----+---------+---------+
|  24| 0.995238| 0.503915|
+----+---------+---------+
|  25| 0.995238| 0.489205|
+----+---------+---------+
|  26| 0.995238| 0.469276|
+----+---------+---------+
|  27| 0.995238| 0.419454|
+----+---------+---------+
|  28| 0.995238| 0.391459|
+----+---------+---------+
END>

===== TRAINING 16-stage =====
<BEGIN
POS count : consumed   2100 : 2466
NEG count : acceptanceRatio    4215 : 2.77112e-05
Precalculation time: 6
+----+---------+---------+
|  N |    HR   |    FA   |
+----+---------+---------+
|   1|        1|        1|
+----+---------+---------+
|   2|        1|        1|
+----+---------+---------+
|   3|        1|        1|
+----+---------+---------+
|   4|        1|        1|
+----+---------+---------+
|   5| 0.997619| 0.964176|
+----+---------+---------+
|   6| 0.995238| 0.919098|
+----+---------+---------+
|   7| 0.995238| 0.899407|
+----+---------+---------+
|   8| 0.995238| 0.879478|
+----+---------+---------+
|   9| 0.995238| 0.834638|
+----+---------+---------+
|  10| 0.995238| 0.823488|
+----+---------+---------+
|  11| 0.995238| 0.805694|
+----+---------+---------+
|  12| 0.995238| 0.767972|
+----+---------+---------+
|  13| 0.995238| 0.767497|
+----+---------+---------+
|  14| 0.995238|  0.74306|
+----+---------+---------+
|  15| 0.995238| 0.733333|
+----+---------+---------+
|  16| 0.995238| 0.705813|
+----+---------+---------+
|  17| 0.995238| 0.679004|
+----+---------+---------+
|  18| 0.995238| 0.678529|
+----+---------+---------+
|  19| 0.995238| 0.621115|
+----+---------+---------+
|  20| 0.995238| 0.607592|
+----+---------+---------+
|  21| 0.995238|  0.53879|
+----+---------+---------+
|  22| 0.995238| 0.567497|
+----+---------+---------+
|  23| 0.995238| 0.520522|
+----+---------+---------+
|  24| 0.995238| 0.511981|
+----+---------+---------+
|  25| 0.995238| 0.486595|
+----+---------+---------+
|  26| 0.995238| 0.427521|
+----+---------+---------+
|  27| 0.995238| 0.371293|
+----+---------+---------+
END>

===== TRAINING 17-stage =====
<BEGIN
POS count : consumed   2100 : 2503
NEG count : acceptanceRatio    4215 : 1.59697e-05
Precalculation time: 6
+----+---------+---------+
|  N |    HR   |    FA   |
+----+---------+---------+
|   1|        1|        1|
+----+---------+---------+
|   2|        1|        1|
+----+---------+---------+
|   3|        1|        1|
+----+---------+---------+
|   4|        1|        1|
+----+---------+---------+
|   5| 0.997619|  0.95516|
+----+---------+---------+
|   6| 0.995714| 0.950415|
+----+---------+---------+
|   7|  0.99619| 0.905813|
+----+---------+---------+
|   8| 0.995714| 0.877817|
+----+---------+---------+
|   9| 0.995238| 0.873547|
+----+---------+---------+
|  10| 0.995238| 0.815896|
+----+---------+---------+
|  11| 0.995238| 0.784104|
+----+---------+---------+
|  12| 0.995238|  0.77675|
+----+---------+---------+
|  13| 0.995238| 0.762989|
+----+---------+---------+
|  14| 0.995238| 0.768683|
+----+---------+---------+
|  15| 0.995238| 0.790036|
+----+---------+---------+
|  16| 0.995238| 0.719098|
+----+---------+---------+
|  17| 0.995238| 0.692527|
+----+---------+---------+
|  18| 0.995238| 0.727165|
+----+---------+---------+
|  19| 0.995238| 0.629182|
+----+---------+---------+
|  20| 0.995238| 0.606643|
+----+---------+---------+
|  21| 0.995238| 0.542823|
+----+---------+---------+
|  22| 0.995238| 0.520522|
+----+---------+---------+
|  23| 0.995238| 0.506762|
+----+---------+---------+
|  24| 0.995238| 0.464531|
+----+---------+---------+
|  25| 0.995238|  0.43535|
+----+---------+---------+
|  26| 0.995238|  0.37414|
+----+---------+---------+
END>

===== TRAINING 18-stage =====
<BEGIN
POS count : consumed   2100 : 2550
NEG count : acceptanceRatio    4215 : 8.38295e-06
Precalculation time: 6
+----+---------+---------+
|  N |    HR   |    FA   |
+----+---------+---------+
|   1|        1|        1|
+----+---------+---------+
|   2|        1|        1|
+----+---------+---------+
|   3|        1|        1|
+----+---------+---------+
|   4|        1|        1|
+----+---------+---------+
|   5|        1|        1|
+----+---------+---------+
|   6| 0.995714| 0.952788|
+----+---------+---------+
|   7| 0.995714| 0.942823|
+----+---------+---------+
|   8| 0.995238| 0.908897|
+----+---------+---------+
|   9| 0.995238| 0.877817|
+----+---------+---------+
|  10| 0.995238| 0.845789|
+----+---------+---------+
|  11| 0.995238| 0.828707|
+----+---------+---------+
|  12| 0.995238| 0.790036|
+----+---------+---------+
|  13| 0.995238| 0.790985|
+----+---------+---------+
|  14| 0.995238| 0.753974|
+----+---------+---------+
|  15| 0.995238| 0.765599|
+----+---------+---------+
|  16| 0.995238| 0.691578|
+----+---------+---------+
|  17| 0.995238| 0.638909|
+----+---------+---------+
|  18| 0.995238| 0.643654|
+----+---------+---------+
|  19| 0.995238| 0.558719|
+----+---------+---------+
|  20| 0.995238| 0.535469|
+----+---------+---------+
|  21| 0.995238| 0.537367|
+----+---------+---------+
|  22| 0.995238| 0.509134|
+----+---------+---------+
|  23| 0.995238| 0.559905|
+----+---------+---------+
|  24| 0.995238| 0.494899|
+----+---------+---------+
|  25| 0.995238| 0.417082|
+----+---------+---------+
|  26| 0.995238| 0.473072|
+----+---------+---------+
|  27| 0.995238| 0.408066|
+----+---------+---------+
|  28| 0.995238| 0.378885|
+----+---------+---------+
END>

===== TRAINING 19-stage =====
<BEGIN
POS count : consumed   2100 : 2583
NEG count : acceptanceRatio    4215 : 4.82513e-06
Precalculation time: 7
+----+---------+---------+
|  N |    HR   |    FA   |
+----+---------+---------+
|   1|        1|        1|
+----+---------+---------+
|   2|        1|        1|
+----+---------+---------+
|   3|        1|        1|
+----+---------+---------+
|   4|        1|        1|
+----+---------+---------+
|   5|        1|        1|
+----+---------+---------+
|   6| 0.996667| 0.958007|
+----+---------+---------+
|   7| 0.995238| 0.924792|
+----+---------+---------+
|   8| 0.995238|  0.86548|
+----+---------+---------+
|   9| 0.995238| 0.867378|
+----+---------+---------+
|  10| 0.995714| 0.862871|
+----+---------+---------+
|  11| 0.995238| 0.830605|
+----+---------+---------+
|  12| 0.995238| 0.808304|
+----+---------+---------+
|  13| 0.995238| 0.744721|
+----+---------+---------+
|  14| 0.995238| 0.718624|
+----+---------+---------+
|  15| 0.995238| 0.720759|
+----+---------+---------+
|  16| 0.995238| 0.698458|
+----+---------+---------+
|  17| 0.995238| 0.686595|
+----+---------+---------+
|  18| 0.995238| 0.655042|
+----+---------+---------+
|  19| 0.995238| 0.610676|
+----+---------+---------+
|  20| 0.995238| 0.540214|
+----+---------+---------+
|  21| 0.995238| 0.560617|
+----+---------+---------+
|  22| 0.995238| 0.513167|
+----+---------+---------+
|  23| 0.995238| 0.573903|
+----+---------+---------+
|  24| 0.995238| 0.500119|
+----+---------+---------+
|  25| 0.995238| 0.447212|
+----+---------+---------+
|  26| 0.995238| 0.447924|
+----+---------+---------+
|  27| 0.995238| 0.405694|
+----+---------+---------+
|  28| 0.995238| 0.329775|
+----+---------+---------+
END>
