PARAMETERS:
cascadeDirName: train/yahoo/lbp
vecFileName: yahoo_88_24.vec
bgFileName: negative.dat
numPos: 1700
numNeg: 3937
numStages: 20
precalcValBufSize[Mb] : 256
precalcIdxBufSize[Mb] : 256
stageType: BOOST
featureType: LBP
sampleWidth: 88
sampleHeight: 24
boostType: GAB
minHitRate: 0.995
maxFalseAlarmRate: 0.5
weightTrimRate: 0.95
maxDepth: 1
maxWeakCount: 100

===== TRAINING 0-stage =====
<BEGIN
POS count : consumed   1700 : 1700
NEG count : acceptanceRatio    3937 : 1
Precalculation time: 11
+----+---------+---------+
|  N |    HR   |    FA   |
+----+---------+---------+
|   1|        1|        1|
+----+---------+---------+
|   2|        1|        1|
+----+---------+---------+
|   3|        1| 0.598171|
+----+---------+---------+
|   4|        1| 0.598171|
+----+---------+---------+
|   5| 0.996471| 0.346457|
+----+---------+---------+
END>

===== TRAINING 1-stage =====
<BEGIN
POS count : consumed   1700 : 1706
NEG count : acceptanceRatio    3937 : 0.389532
Precalculation time: 11
+----+---------+---------+
|  N |    HR   |    FA   |
+----+---------+---------+
|   1|        1|        1|
+----+---------+---------+
|   2|        1|        1|
+----+---------+---------+
|   3| 0.997647| 0.735077|
+----+---------+---------+
|   4| 0.995294| 0.489459|
+----+---------+---------+
END>

===== TRAINING 2-stage =====
<BEGIN
POS count : consumed   1700 : 1714
NEG count : acceptanceRatio    3937 : 0.198118
Precalculation time: 11
+----+---------+---------+
|  N |    HR   |    FA   |
+----+---------+---------+
|   1|        1|        1|
+----+---------+---------+
|   2|        1|        1|
+----+---------+---------+
|   3|        1|        1|
+----+---------+---------+
|   4| 0.998235| 0.823216|
+----+---------+---------+
|   5| 0.996471| 0.569469|
+----+---------+---------+
|   6| 0.995294| 0.557785|
+----+---------+---------+
|   7| 0.995294| 0.354839|
+----+---------+---------+
END>

===== TRAINING 3-stage =====
<BEGIN
POS count : consumed   1700 : 1722
NEG count : acceptanceRatio    3937 : 0.0706772
Precalculation time: 10
+----+---------+---------+
|  N |    HR   |    FA   |
+----+---------+---------+
|   1|        1|        1|
+----+---------+---------+
|   2|        1|        1|
+----+---------+---------+
|   3|        1|        1|
+----+---------+---------+
|   4| 0.998235| 0.828804|
+----+---------+---------+
|   5| 0.997059| 0.626365|
+----+---------+---------+
|   6| 0.995882| 0.560325|
+----+---------+---------+
|   7| 0.995882| 0.454407|
+----+---------+---------+
END>

===== TRAINING 4-stage =====
<BEGIN
POS count : consumed   1700 : 1729
NEG count : acceptanceRatio    3937 : 0.0351505
Precalculation time: 11
+----+---------+---------+
|  N |    HR   |    FA   |
+----+---------+---------+
|   1|        1|        1|
+----+---------+---------+
|   2|        1|        1|
+----+---------+---------+
|   3|        1|        1|
+----+---------+---------+
|   4| 0.997647|  0.77394|
+----+---------+---------+
|   5| 0.995294| 0.563627|
+----+---------+---------+
|   6| 0.996471| 0.624079|
+----+---------+---------+
|   7| 0.995294| 0.422403|
+----+---------+---------+
END>

===== TRAINING 5-stage =====
<BEGIN
POS count : consumed   1700 : 1737
NEG count : acceptanceRatio    3937 : 0.016011
Precalculation time: 11
+----+---------+---------+
|  N |    HR   |    FA   |
+----+---------+---------+
|   1|        1|        1|
+----+---------+---------+
|   2|        1|        1|
+----+---------+---------+
|   3|        1|        1|
+----+---------+---------+
|   4| 0.995294| 0.786894|
+----+---------+---------+
|   5| 0.998824| 0.813056|
+----+---------+---------+
|   6| 0.995882| 0.639573|
+----+---------+---------+
|   7| 0.995294| 0.506731|
+----+---------+---------+
|   8| 0.995294| 0.489205|
+----+---------+---------+
END>

===== TRAINING 6-stage =====
<BEGIN
POS count : consumed   1700 : 1745
NEG count : acceptanceRatio    3937 : 0.00933635
Precalculation time: 11
+----+---------+---------+
|  N |    HR   |    FA   |
+----+---------+---------+
|   1|        1|        1|
+----+---------+---------+
|   2|        1|        1|
+----+---------+---------+
|   3|        1|        1|
+----+---------+---------+
|   4|        1|        1|
+----+---------+---------+
|   5| 0.998824| 0.824994|
+----+---------+---------+
|   6| 0.997059| 0.654813|
+----+---------+---------+
|   7| 0.995882| 0.613157|
+----+---------+---------+
|   8| 0.995882| 0.555499|
+----+---------+---------+
|   9| 0.995294| 0.403099|
+----+---------+---------+
END>

===== TRAINING 7-stage =====
<BEGIN
POS count : consumed   1700 : 1756
NEG count : acceptanceRatio    3937 : 0.0041515
Precalculation time: 11
+----+---------+---------+
|  N |    HR   |    FA   |
+----+---------+---------+
|   1|        1|        1|
+----+---------+---------+
|   2|        1|        1|
+----+---------+---------+
|   3|        1|        1|
+----+---------+---------+
|   4| 0.996471| 0.790196|
+----+---------+---------+
|   5| 0.998235| 0.853188|
+----+---------+---------+
|   6| 0.995882| 0.645923|
+----+---------+---------+
|   7| 0.995294| 0.589789|
+----+---------+---------+
|   8| 0.996471| 0.527305|
+----+---------+---------+
|   9| 0.996471| 0.491745|
+----+---------+---------+
END>

===== TRAINING 8-stage =====
<BEGIN
POS count : consumed   1700 : 1765
NEG count : acceptanceRatio    3937 : 0.00235961
Precalculation time: 11
+----+---------+---------+
|  N |    HR   |    FA   |
+----+---------+---------+
|   1|        1|        1|
+----+---------+---------+
|   2|        1|        1|
+----+---------+---------+
|   3|        1|        1|
+----+---------+---------+
|   4|        1|        1|
+----+---------+---------+
|   5| 0.999412| 0.883414|
+----+---------+---------+
|   6| 0.996471| 0.740919|
+----+---------+---------+
|   7| 0.995882| 0.631445|
+----+---------+---------+
|   8| 0.995294| 0.612903|
+----+---------+---------+
|   9| 0.995294| 0.455931|
+----+---------+---------+
END>

===== TRAINING 9-stage =====
<BEGIN
POS count : consumed   1700 : 1774
NEG count : acceptanceRatio    3937 : 0.00123722
Precalculation time: 10
+----+---------+---------+
|  N |    HR   |    FA   |
+----+---------+---------+
|   1|        1|        1|
+----+---------+---------+
|   2|        1|        1|
+----+---------+---------+
|   3|        1|        1|
+----+---------+---------+
|   4| 0.995882| 0.811532|
+----+---------+---------+
|   5| 0.995882| 0.811532|
+----+---------+---------+
|   6| 0.995882| 0.794768|
+----+---------+---------+
|   7| 0.996471| 0.691897|
+----+---------+---------+
|   8| 0.995294| 0.528829|
+----+---------+---------+
|   9| 0.995294| 0.505461|
+----+---------+---------+
|  10| 0.995294| 0.428753|
+----+---------+---------+
END>

===== TRAINING 10-stage =====
<BEGIN
POS count : consumed   1700 : 1786
NEG count : acceptanceRatio    3937 : 0.000633658
Precalculation time: 11
+----+---------+---------+
|  N |    HR   |    FA   |
+----+---------+---------+
|   1|        1|        1|
+----+---------+---------+
|   2|        1|        1|
+----+---------+---------+
|   3|        1|        1|
+----+---------+---------+
|   4| 0.998235|  0.87554|
+----+---------+---------+
|   5| 0.997647| 0.837948|
+----+---------+---------+
|   6| 0.996471| 0.787148|
+----+---------+---------+
|   7| 0.995882| 0.726695|
+----+---------+---------+
|   8| 0.996471| 0.695453|
+----+---------+---------+
|   9| 0.995882| 0.608077|
+----+---------+---------+
|  10| 0.995294| 0.517907|
+----+---------+---------+
|  11| 0.995294| 0.439675|
+----+---------+---------+
END>

===== TRAINING 11-stage =====
<BEGIN
POS count : consumed   1700 : 1798
NEG count : acceptanceRatio    3937 : 0.000322452
Precalculation time: 11
+----+---------+---------+
|  N |    HR   |    FA   |
+----+---------+---------+
|   1|        1|        1|
+----+---------+---------+
|   2|        1|        1|
+----+---------+---------+
|   3|        1|        1|
+----+---------+---------+
|   4|        1|        1|
+----+---------+---------+
|   5| 0.997059| 0.785116|
+----+---------+---------+
|   6| 0.997059|  0.88824|
+----+---------+---------+
|   7| 0.995882| 0.716789|
+----+---------+---------+
|   8| 0.995294| 0.704343|
+----+---------+---------+
|   9| 0.995294| 0.562357|
+----+---------+---------+
|  10| 0.995294| 0.482601|
+----+---------+---------+
END>

===== TRAINING 12-stage =====
<BEGIN
POS count : consumed   1700 : 1810
NEG count : acceptanceRatio    3937 : 0.000183253
Precalculation time: 11
+----+---------+---------+
|  N |    HR   |    FA   |
+----+---------+---------+
|   1|        1|        1|
+----+---------+---------+
|   2|        1|        1|
+----+---------+---------+
|   3|        1|        1|
+----+---------+---------+
|   4|        1|        1|
+----+---------+---------+
|   5|        1| 0.919482|
+----+---------+---------+
|   6| 0.995294| 0.771908|
+----+---------+---------+
|   7| 0.997059| 0.714757|
+----+---------+---------+
|   8| 0.995294| 0.620523|
+----+---------+---------+
|   9| 0.995882| 0.489713|
+----+---------+---------+
END>

===== TRAINING 13-stage =====
<BEGIN
POS count : consumed   1700 : 1822
NEG count : acceptanceRatio    3937 : 9.99265e-05
Precalculation time: 12
+----+---------+---------+
|  N |    HR   |    FA   |
+----+---------+---------+
|   1|        1|        1|
+----+---------+---------+
|   2|        1|        1|
+----+---------+---------+
|   3|        1|        1|
+----+---------+---------+
|   4|        1|        1|
+----+---------+---------+
|   5|        1|        1|
+----+---------+---------+
|   6| 0.995294| 0.768606|
+----+---------+---------+
|   7| 0.995294| 0.649987|
+----+---------+---------+
|   8| 0.997647| 0.658115|
+----+---------+---------+
|   9| 0.995294| 0.541021|
+----+---------+---------+
|  10| 0.995882| 0.468377|
+----+---------+---------+
END>

===== TRAINING 14-stage =====
<BEGIN
POS count : consumed   1700 : 1834
NEG count : acceptanceRatio    3937 : 5.44944e-05
Precalculation time: 11
+----+---------+---------+
|  N |    HR   |    FA   |
+----+---------+---------+
|   1|        1|        1|
+----+---------+---------+
|   2|        1|        1|
+----+---------+---------+
|   3|        1|        1|
+----+---------+---------+
|   4| 0.997647| 0.869444|
+----+---------+---------+
|   5| 0.995294| 0.850902|
+----+---------+---------+
|   6| 0.997059|  0.78156|
+----+---------+---------+
|   7| 0.995294| 0.701041|
+----+---------+---------+
|   8| 0.995294| 0.659131|
+----+---------+---------+
|   9| 0.995294| 0.580137|
+----+---------+---------+
|  10| 0.995294| 0.511049|
+----+---------+---------+
|  11| 0.995294| 0.443739|
+----+---------+---------+
END>

===== TRAINING 15-stage =====
<BEGIN
POS count : consumed   1700 : 1847
NEG count : acceptanceRatio    3937 : 2.81185e-05
Precalculation time: 11
+----+---------+---------+
|  N |    HR   |    FA   |
+----+---------+---------+
|   1|        1|        1|
+----+---------+---------+
|   2|        1|        1|
+----+---------+---------+
|   3|        1|        1|
+----+---------+---------+
|   4| 0.999412| 0.912878|
+----+---------+---------+
|   5| 0.995294| 0.752096|
+----+---------+---------+
|   6| 0.995882| 0.728219|
+----+---------+---------+
|   7| 0.995882| 0.669291|
+----+---------+---------+
|   8| 0.995294| 0.568453|
+----+---------+---------+
|   9| 0.995294| 0.537211|
+----+---------+---------+
|  10| 0.995882| 0.480061|
+----+---------+---------+
END>

===== TRAINING 16-stage =====
<BEGIN
POS count : consumed   1700 : 1863
NEG count : acceptanceRatio    3937 : 1.53579e-05
Precalculation time: 11
+----+---------+---------+
|  N |    HR   |    FA   |
+----+---------+---------+
|   1|        1|        1|
+----+---------+---------+
|   2|        1|        1|
+----+---------+---------+
|   3|        1|        1|
+----+---------+---------+
|   4|        1|        1|
+----+---------+---------+
|   5| 0.998824| 0.886716|
+----+---------+---------+
|   6| 0.997059| 0.804674|
+----+---------+---------+
|   7| 0.995294| 0.709423|
+----+---------+---------+
|   8| 0.995294| 0.642367|
+----+---------+---------+
|   9| 0.995882| 0.587503|
+----+---------+---------+
|  10| 0.995294| 0.527559|
+----+---------+---------+
|  11| 0.995294| 0.458217|
+----+---------+---------+
END>

===== TRAINING 17-stage =====
<BEGIN
POS count : consumed   1700 : 1894
NEG count : acceptanceRatio    3937 : 8.3643e-06
Precalculation time: 12
+----+---------+---------+
|  N |    HR   |    FA   |
+----+---------+---------+
|   1|        1|        1|
+----+---------+---------+
|   2|        1|        1|
+----+---------+---------+
|   3|        1|        1|
+----+---------+---------+
|   4|        1|        1|
+----+---------+---------+
|   5| 0.996471| 0.848362|
+----+---------+---------+
|   6| 0.995294| 0.809246|
+----+---------+---------+
|   7| 0.996471| 0.787148|
+----+---------+---------+
|   8| 0.996471| 0.709169|
+----+---------+---------+
|   9| 0.995294| 0.534671|
+----+---------+---------+
|  10| 0.995294| 0.574295|
+----+---------+---------+
|  11| 0.995294| 0.491999|
+----+---------+---------+
END>

===== TRAINING 18-stage =====
<BEGIN
POS count : consumed   1700 : 1911
NEG count : acceptanceRatio    3937 : 4.26135e-06
Precalculation time: 11
+----+---------+---------+
|  N |    HR   |    FA   |
+----+---------+---------+
|   1|        1|        1|
+----+---------+---------+
|   2|        1|        1|
+----+---------+---------+
|   3|        1|        1|
+----+---------+---------+
|   4|        1| 0.908052|
+----+---------+---------+
|   5| 0.998824| 0.828804|
+----+---------+---------+
|   6| 0.995294| 0.725171|
+----+---------+---------+
|   7| 0.995294| 0.706375|
+----+---------+---------+
|   8| 0.995294| 0.598425|
+----+---------+---------+
|   9| 0.995882| 0.589281|
+----+---------+---------+
|  10| 0.995294| 0.500889|
+----+---------+---------+
|  11| 0.995294| 0.458725|
+----+---------+---------+
END>

===== TRAINING 19-stage =====
<BEGIN
POS count : consumed   1700 : 1950
NEG count : acceptanceRatio    3937 : 2.03542e-06
Precalculation time: 11
+----+---------+---------+
|  N |    HR   |    FA   |
+----+---------+---------+
|   1|        1|        1|
+----+---------+---------+
|   2|        1|        1|
+----+---------+---------+
|   3|        1|        1|
+----+---------+---------+
|   4| 0.996471| 0.893828|
+----+---------+---------+
|   5| 0.995294|  0.80823|
+----+---------+---------+
|   6| 0.995294|   0.7714|
+----+---------+---------+
|   7| 0.995294| 0.747015|
+----+---------+---------+
|   8| 0.995294| 0.621793|
+----+---------+---------+
|   9| 0.995294| 0.531623|
+----+---------+---------+
|  10| 0.995294| 0.466345|
+----+---------+---------+
END>
